<?xml version="1.0" encoding="UTF-8"?>
<testsuite xmlns:xsi="http://www.w3.org/2001/XMLSchema-instance" xsi:noNamespaceSchemaLocation="https://maven.apache.org/surefire/maven-surefire-plugin/xsd/surefire-test-report.xsd" version="3.0.2" name="com.biblioteca.ApplicationTests" time="3.404" tests="1" errors="0" skipped="0" failures="0">
  <properties>
[...]
</properties>
  <testcase name="contextLoads" classname="com.biblioteca.ApplicationTests" time="0.765">
    <system-out><![CDATA[17:06:48.804 [main] INFO org.springframework.test.context.support.AnnotationConfigContextLoaderUtils -- Could not detect default configuration classes for test class [com.biblioteca.ApplicationTests]: ApplicationTests does not declare any static, non-private, non-final, nested classes annotated with @Configuration.
17:06:48.926 [main] INFO org.springframework.boot.test.context.SpringBootTestContextBootstrapper -- Found @SpringBootConfiguration com.biblioteca.Application for test class com.biblioteca.ApplicationTests
17:06:49.074 [main] INFO org.springframework.boot.devtools.restart.RestartApplicationListener -- Restart disabled due to context in which it is running

  .   ____          _            __ _ _
 /\\ / ___'_ __ _ _(_)_ __  __ _ \ \ \ \
( ( )\___ | '_ | '_| | '_ \/ _` | \ \ \ \
 \\/  ___)| |_)| | | | | || (_| |  ) ) ) )
  '  |____| .__|_| |_|_| |_\__, | / / / /
 =========|_|==============|___/=/_/_/_/

 :: Spring Boot ::                (v3.4.5)

2025-05-19T17:06:49.311-05:00  INFO 18572 --- [Sistema-de-Gestion-de-Biblioteca-2.2] [           main] com.biblioteca.ApplicationTests          : Starting ApplicationTests using Java 21.0.4 with PID 18572 (started by josem in C:\Trabajos Jose Villarreal\Sistema-de-Gestión-de-Biblioteca-2.2)
2025-05-19T17:06:49.312-05:00  INFO 18572 --- [Sistema-de-Gestion-de-Biblioteca-2.2] [           main] com.biblioteca.ApplicationTests          : No active profile set, falling back to 1 default profile: "default"
2025-05-19T17:06:50.082-05:00  INFO 18572 --- [Sistema-de-Gestion-de-Biblioteca-2.2] [           main] .s.d.r.c.RepositoryConfigurationDelegate : Bootstrapping Spring Data MongoDB repositories in DEFAULT mode.
2025-05-19T17:06:50.103-05:00  INFO 18572 --- [Sistema-de-Gestion-de-Biblioteca-2.2] [           main] .s.d.r.c.RepositoryConfigurationDelegate : Finished Spring Data repository scanning in 15 ms. Found 0 MongoDB repository interfaces.
2025-05-19T17:06:50.546-05:00  INFO 18572 --- [Sistema-de-Gestion-de-Biblioteca-2.2] [           main] org.mongodb.driver.client                : MongoClient with metadata {"driver": {"name": "mongo-java-driver|sync|spring-boot", "version": "5.2.1"}, "os": {"type": "Windows", "name": "Windows 11", "architecture": "amd64", "version": "10.0"}, "platform": "Java/Eclipse Adoptium/21.0.4+7-LTS"} created with settings MongoClientSettings{readPreference=primary, writeConcern=WriteConcern{w=null, wTimeout=null ms, journal=null}, retryWrites=true, retryReads=true, readConcern=ReadConcern{level=null}, credential=MongoCredential{mechanism=null, userName='josevillarreal', source='admin', password=<hidden>, mechanismProperties=<hidden>}, transportSettings=null, commandListeners=[], codecRegistry=ProvidersCodecRegistry{codecProviders=[ValueCodecProvider{}, BsonValueCodecProvider{}, DBRefCodecProvider{}, DBObjectCodecProvider{}, DocumentCodecProvider{}, CollectionCodecProvider{}, IterableCodecProvider{}, MapCodecProvider{}, GeoJsonCodecProvider{}, GridFSFileCodecProvider{}, Jsr310CodecProvider{}, JsonObjectCodecProvider{}, BsonCodecProvider{}, EnumCodecProvider{}, com.mongodb.client.model.mql.ExpressionCodecProvider@5fdfe8cf, com.mongodb.Jep395RecordCodecProvider@2a8b33ba, com.mongodb.KotlinCodecProvider@4e8b357d]}, loggerSettings=LoggerSettings{maxDocumentLength=1000}, clusterSettings={hosts=[127.0.0.1:27017], srvHost=servidorjose.5se6tgr.mongodb.net, srvServiceName=mongodb, mode=MULTIPLE, requiredClusterType=REPLICA_SET, requiredReplicaSetName='atlas-kfj4nj-shard-0', serverSelector='null', clusterListeners='[]', serverSelectionTimeout='30000 ms', localThreshold='15 ms'}, socketSettings=SocketSettings{connectTimeoutMS=10000, readTimeoutMS=0, receiveBufferSize=0, proxySettings=ProxySettings{host=null, port=null, username=null, password=null}}, heartbeatSocketSettings=SocketSettings{connectTimeoutMS=10000, readTimeoutMS=10000, receiveBufferSize=0, proxySettings=ProxySettings{host=null, port=null, username=null, password=null}}, connectionPoolSettings=ConnectionPoolSettings{maxSize=100, minSize=0, maxWaitTimeMS=120000, maxConnectionLifeTimeMS=0, maxConnectionIdleTimeMS=0, maintenanceInitialDelayMS=0, maintenanceFrequencyMS=60000, connectionPoolListeners=[], maxConnecting=2}, serverSettings=ServerSettings{heartbeatFrequencyMS=10000, minHeartbeatFrequencyMS=500, serverMonitoringMode=AUTO, serverListeners='[]', serverMonitorListeners='[]'}, sslSettings=SslSettings{enabled=true, invalidHostNameAllowed=false, context=null}, applicationName='null', compressorList=[], uuidRepresentation=JAVA_LEGACY, serverApi=null, autoEncryptionSettings=null, dnsClient=null, inetAddressResolver=null, contextProvider=null, timeoutMS=null}
2025-05-19T17:06:50.601-05:00  INFO 18572 --- [Sistema-de-Gestion-de-Biblioteca-2.2] [tgr.mongodb.net] org.mongodb.driver.cluster               : Adding discovered server ac-nzsndaw-shard-00-02.5se6tgr.mongodb.net:27017 to client view of cluster
2025-05-19T17:06:50.625-05:00  INFO 18572 --- [Sistema-de-Gestion-de-Biblioteca-2.2] [tgr.mongodb.net] org.mongodb.driver.cluster               : Adding discovered server ac-nzsndaw-shard-00-01.5se6tgr.mongodb.net:27017 to client view of cluster
2025-05-19T17:06:50.627-05:00  INFO 18572 --- [Sistema-de-Gestion-de-Biblioteca-2.2] [tgr.mongodb.net] org.mongodb.driver.cluster               : Adding discovered server ac-nzsndaw-shard-00-00.5se6tgr.mongodb.net:27017 to client view of cluster
2025-05-19T17:06:51.303-05:00  INFO 18572 --- [Sistema-de-Gestion-de-Biblioteca-2.2] [           main] com.biblioteca.ApplicationTests          : Started ApplicationTests in 2.241 seconds (process running for 3.315)
2025-05-19T17:06:51.354-05:00  INFO 18572 --- [Sistema-de-Gestion-de-Biblioteca-2.2] [ngodb.net:27017] org.mongodb.driver.cluster               : Monitor thread successfully connected to server with description ServerDescription{address=ac-nzsndaw-shard-00-01.5se6tgr.mongodb.net:27017, type=REPLICA_SET_PRIMARY, cryptd=false, state=CONNECTED, ok=true, minWireVersion=0, maxWireVersion=25, maxDocumentSize=16777216, logicalSessionTimeoutMinutes=30, roundTripTimeNanos=399071299, minRoundTripTimeNanos=0, setName='atlas-kfj4nj-shard-0', canonicalAddress=ac-nzsndaw-shard-00-01.5se6tgr.mongodb.net:27017, hosts=[ac-nzsndaw-shard-00-01.5se6tgr.mongodb.net:27017, ac-nzsndaw-shard-00-02.5se6tgr.mongodb.net:27017, ac-nzsndaw-shard-00-00.5se6tgr.mongodb.net:27017], passives=[], arbiters=[], primary='ac-nzsndaw-shard-00-01.5se6tgr.mongodb.net:27017', tagSet=TagSet{[Tag{name='availabilityZone', value='use1-az2'}, Tag{name='diskState', value='READY'}, Tag{name='nodeType', value='ELECTABLE'}, Tag{name='provider', value='AWS'}, Tag{name='region', value='US_EAST_1'}, Tag{name='workloadType', value='OPERATIONAL'}]}, electionId=7fffffff0000000000000205, setVersion=279, topologyVersion=TopologyVersion{processId=68234350edc614eacdad12b5, counter=6}, lastWriteDate=Mon May 19 17:06:56 COT 2025, lastUpdateTimeNanos=541677056766200}
2025-05-19T17:06:51.354-05:00  INFO 18572 --- [Sistema-de-Gestion-de-Biblioteca-2.2] [ngodb.net:27017] org.mongodb.driver.cluster               : Monitor thread successfully connected to server with description ServerDescription{address=ac-nzsndaw-shard-00-00.5se6tgr.mongodb.net:27017, type=REPLICA_SET_SECONDARY, cryptd=false, state=CONNECTED, ok=true, minWireVersion=0, maxWireVersion=25, maxDocumentSize=16777216, logicalSessionTimeoutMinutes=30, roundTripTimeNanos=399237201, minRoundTripTimeNanos=0, setName='atlas-kfj4nj-shard-0', canonicalAddress=ac-nzsndaw-shard-00-00.5se6tgr.mongodb.net:27017, hosts=[ac-nzsndaw-shard-00-01.5se6tgr.mongodb.net:27017, ac-nzsndaw-shard-00-02.5se6tgr.mongodb.net:27017, ac-nzsndaw-shard-00-00.5se6tgr.mongodb.net:27017], passives=[], arbiters=[], primary='ac-nzsndaw-shard-00-01.5se6tgr.mongodb.net:27017', tagSet=TagSet{[Tag{name='availabilityZone', value='use1-az1'}, Tag{name='diskState', value='READY'}, Tag{name='nodeType', value='ELECTABLE'}, Tag{name='provider', value='AWS'}, Tag{name='region', value='US_EAST_1'}, Tag{name='workloadType', value='OPERATIONAL'}]}, electionId=null, setVersion=279, topologyVersion=TopologyVersion{processId=6823430afb93198c33c00376, counter=4}, lastWriteDate=Mon May 19 17:06:56 COT 2025, lastUpdateTimeNanos=541677056873000}
2025-05-19T17:06:51.354-05:00  INFO 18572 --- [Sistema-de-Gestion-de-Biblioteca-2.2] [ngodb.net:27017] org.mongodb.driver.cluster               : Monitor thread successfully connected to server with description ServerDescription{address=ac-nzsndaw-shard-00-02.5se6tgr.mongodb.net:27017, type=REPLICA_SET_SECONDARY, cryptd=false, state=CONNECTED, ok=true, minWireVersion=0, maxWireVersion=25, maxDocumentSize=16777216, logicalSessionTimeoutMinutes=30, roundTripTimeNanos=399124800, minRoundTripTimeNanos=0, setName='atlas-kfj4nj-shard-0', canonicalAddress=ac-nzsndaw-shard-00-02.5se6tgr.mongodb.net:27017, hosts=[ac-nzsndaw-shard-00-01.5se6tgr.mongodb.net:27017, ac-nzsndaw-shard-00-02.5se6tgr.mongodb.net:27017, ac-nzsndaw-shard-00-00.5se6tgr.mongodb.net:27017], passives=[], arbiters=[], primary='ac-nzsndaw-shard-00-01.5se6tgr.mongodb.net:27017', tagSet=TagSet{[Tag{name='availabilityZone', value='use1-az5'}, Tag{name='diskState', value='READY'}, Tag{name='nodeType', value='ELECTABLE'}, Tag{name='provider', value='AWS'}, Tag{name='region', value='US_EAST_1'}, Tag{name='workloadType', value='OPERATIONAL'}]}, electionId=null, setVersion=279, topologyVersion=TopologyVersion{processId=682343976ad8d306a41f73af, counter=3}, lastWriteDate=Mon May 19 17:06:56 COT 2025, lastUpdateTimeNanos=541677056765400}
2025-05-19T17:06:51.358-05:00  INFO 18572 --- [Sistema-de-Gestion-de-Biblioteca-2.2] [ngodb.net:27017] org.mongodb.driver.cluster               : Discovered replica set primary ac-nzsndaw-shard-00-01.5se6tgr.mongodb.net:27017 with max election id 7fffffff0000000000000205 and max set version 279
]]></system-out>
    <system-err><![CDATA[Mockito is currently self-attaching to enable the inline-mock-maker. This will no longer work in future releases of the JDK. Please add Mockito as an agent to your build what is described in Mockito's documentation: https://javadoc.io/doc/org.mockito/mockito-core/latest/org/mockito/Mockito.html#0.3
WARNING: A Java agent has been loaded dynamically (C:\Users\josem\.m2\repository\net\bytebuddy\byte-buddy-agent\1.15.11\byte-buddy-agent-1.15.11.jar)
WARNING: If a serviceability tool is in use, please run with -XX:+EnableDynamicAgentLoading to hide this warning
WARNING: If a serviceability tool is not in use, please run with -Djdk.instrument.traceUsage for more information
WARNING: Dynamic loading of agents will be disallowed by default in a future release
]]></system-err>
  </testcase>
</testsuite>